
Showing logs for build [32mcb-kubecd-environment-pr-205-11-qm4nx-1[0m stage [32mfrom-build-pack[0m and container [32mstep-credential-initializer-cxhht[0m
{"level":"info","ts":1587386597.3737798,"logger":"fallback-logger","caller":"logging/config.go:69","msg":"Fetch GitHub commit ID from kodata failed: open /var/run/ko/refs/heads/0.8.0-ns-support: no such file or directory"}
{"level":"info","ts":1587386597.374565,"logger":"fallback-logger","caller":"creds-init/main.go:40","msg":"Credentials initialized."}

Showing logs for build [32mcb-kubecd-environment-pr-205-11-qm4nx-1[0m stage [32mfrom-build-pack[0m and container [32mstep-working-dir-initializer-r6h4p[0m
{"level":"info","ts":1587386598.121947,"logger":"fallback-logger","caller":"logging/config.go:69","msg":"Fetch GitHub commit ID from kodata failed: open /var/run/ko/HEAD: no such file or directory"}
{"level":"info","ts":1587386598.1265774,"logger":"fallback-logger","caller":"bash/main.go:64","msg":"Successfully executed command \"sh -c mkdir -p /workspace/source\"; output "}

Showing logs for build [32mcb-kubecd-environment-pr-205-11-qm4nx-1[0m stage [32mfrom-build-pack[0m and container [32mstep-place-tools[0m

Showing logs for build [32mcb-kubecd-environment-pr-205-11-qm4nx-1[0m stage [32mfrom-build-pack[0m and container [32mstep-git-source-cb-kubecd-environment-pr-205-11-qm4nx-l5mzr[0m
{"level":"info","ts":1587386602.3166316,"logger":"fallback-logger","caller":"logging/config.go:69","msg":"Fetch GitHub commit ID from kodata failed: open /var/run/ko/refs/heads/0.8.0-ns-support: no such file or directory"}
{"level":"info","ts":1587386603.4494226,"logger":"fallback-logger","caller":"git/git.go:103","msg":"Successfully cloned https://github.com/cb-kubecd/environment-pr-205-117-boot-gke-production.git @ master in path /workspace/source"}

Showing logs for build [32mcb-kubecd-environment-pr-205-11-qm4nx-1[0m stage [32mfrom-build-pack[0m and container [32mstep-git-merge[0m
Using SHAs from PULL_REFS=master:40450878d437cd3c5bfd392cbbd50c3bcd494570,1:21be4025cbada20ec75be7bf38e6aa4653765cfb
DEBUG: LC_ALL=C JX_LOG_LEVEL=error git fetch origin --unshallow 21be4025cbada20ec75be7bf38e6aa4653765cfb: 40450878d437cd3c5bfd392cbbd50c3bcd494570:
DEBUG: ran git fetch --unshallow origin 21be4025cbada20ec75be7bf38e6aa4653765cfb: 40450878d437cd3c5bfd392cbbd50c3bcd494570: in 
DEBUG: JX_LOG_LEVEL=error LC_ALL=C git branch
DEBUG: LC_ALL=C JX_LOG_LEVEL=error git checkout master
DEBUG: ran git checkout master in 
DEBUG: LC_ALL=C JX_LOG_LEVEL=error git reset --hard 40450878d437cd3c5bfd392cbbd50c3bcd494570
DEBUG: ran git reset --hard 40450878d437cd3c5bfd392cbbd50c3bcd494570 in 
DEBUG: JX_LOG_LEVEL=error LC_ALL=C git clean -fd .
DEBUG: ran clean --force -d . in 
DEBUG: LC_ALL=C JX_LOG_LEVEL=error git merge 21be4025cbada20ec75be7bf38e6aa4653765cfb
DEBUG: ran git merge 21be4025cbada20ec75be7bf38e6aa4653765cfb in 
DEBUG: LC_ALL=C JX_LOG_LEVEL=error git log --format=%H%x1f%an%x1f%ae%x1f%cn%x1f%ce%x1f%s%n%b%x1e 40450878d437cd3c5bfd392cbbd50c3bcd494570..HEAD
Merged SHA 21be4025cbada20ec75be7bf38e6aa4653765cfb with commit message 'chore: Promote bdd-spring-1587385716 to version 0.0.1' into base branch master

Showing logs for build [32mcb-kubecd-environment-pr-205-11-qm4nx-1[0m stage [32mfrom-build-pack[0m and container [32mstep-build-helm-build[0m
WARNING: No $CHART_REPOSITORY defined so using the default value of: http://jenkins-x-chartmuseum:8080
Adding missing Helm repo: storage.googleapis.com https://storage.googleapis.com/chartmuseum.jenkins-x.io
WARNING: No secrets found on "helm/repos" due: reading the secret "helm/repos" from vault: no secret "helm/repos" not found in vault
Read credentials for https://storage.googleapis.com/chartmuseum.jenkins-x.io from vault helm/repos
Successfully added Helm repository storage.googleapis.com.
Adding missing Helm repo: jenkins-x-chartmuseum http://jenkins-x-chartmuseum:8080
WARNING: No secrets found on "helm/repos" due: reading the secret "helm/repos" from vault: no secret "helm/repos" not found in vault
Read credentials for http://jenkins-x-chartmuseum:8080 from vault helm/repos
Successfully added Helm repository jenkins-x-chartmuseum.
WARNING: No $CHART_REPOSITORY defined so using the default value of: http://jenkins-x-chartmuseum:8080
Adding missing Helm repo: chartmuseum.jenkins-x.io http://chartmuseum.jenkins-x.io
WARNING: No secrets found on "helm/repos" due: reading the secret "helm/repos" from vault: no secret "helm/repos" not found in vault
Read credentials for http://chartmuseum.jenkins-x.io from vault helm/repos
Successfully added Helm repository chartmuseum.jenkins-x.io.
